0 info it worked if it ends with ok
1 verbose cli [ '/usr/local/bin/node', '/usr/local/bin/npm', 'run', 'develop' ]
2 info using npm@3.10.8
3 info using node@v7.0.0
4 verbose run-script [ 'predevelop', 'develop', 'postdevelop' ]
5 info lifecycle fpjs8@1.0.0~predevelop: fpjs8@1.0.0
6 silly lifecycle fpjs8@1.0.0~predevelop: no script for predevelop, continuing
7 info lifecycle fpjs8@1.0.0~develop: fpjs8@1.0.0
8 verbose lifecycle fpjs8@1.0.0~develop: unsafe-perm in lifecycle true
9 verbose lifecycle fpjs8@1.0.0~develop: PATH: /usr/local/lib/node_modules/npm/bin/node-gyp-bin:/Users/Francisco/GitHub/react-get-started/starter-kit/functional-programming/promises/node_modules/.bin:/usr/local/heroku/bin:/opt/local/bin:/opt/local/sbin:/opt/local/bin:/opt/local/sbin:/opt/local/bin:/opt/local/sbin:/opt/local/bin:/opt/local/sbin:/opt/local/bin:/opt/local/sbin:/Library/Frameworks/Python.framework/Versions/3.2/bin:/usr/local/mysql/bin:/usr/local/bin:/usr/bin:/bin:/usr/sbin:/sbin:/opt/X11/bin:/usr/local/git/bin:/Library/TeX/texbin:/Applications/apache-maven-3.3.9/bin:/usr/local/mysql/bin
10 verbose lifecycle fpjs8@1.0.0~develop: CWD: /Users/Francisco/GitHub/react-get-started/starter-kit/functional-programming/promises
11 silly lifecycle fpjs8@1.0.0~develop: Args: [ '-c', 'gulp' ]
12 silly lifecycle fpjs8@1.0.0~develop: Returned: code: 1  signal: null
13 info lifecycle fpjs8@1.0.0~develop: Failed to exec develop script
14 verbose stack Error: fpjs8@1.0.0 develop: `gulp`
14 verbose stack Exit status 1
14 verbose stack     at EventEmitter.<anonymous> (/usr/local/lib/node_modules/npm/lib/utils/lifecycle.js:255:16)
14 verbose stack     at emitTwo (events.js:106:13)
14 verbose stack     at EventEmitter.emit (events.js:191:7)
14 verbose stack     at ChildProcess.<anonymous> (/usr/local/lib/node_modules/npm/lib/utils/spawn.js:40:14)
14 verbose stack     at emitTwo (events.js:106:13)
14 verbose stack     at ChildProcess.emit (events.js:191:7)
14 verbose stack     at maybeClose (internal/child_process.js:877:16)
14 verbose stack     at Process.ChildProcess._handle.onexit (internal/child_process.js:226:5)
15 verbose pkgid fpjs8@1.0.0
16 verbose cwd /Users/Francisco/GitHub/react-get-started/starter-kit/functional-programming/promises
17 error Darwin 16.1.0
18 error argv "/usr/local/bin/node" "/usr/local/bin/npm" "run" "develop"
19 error node v7.0.0
20 error npm  v3.10.8
21 error code ELIFECYCLE
22 error fpjs8@1.0.0 develop: `gulp`
22 error Exit status 1
23 error Failed at the fpjs8@1.0.0 develop script 'gulp'.
23 error Make sure you have the latest version of node.js and npm installed.
23 error If you do, this is most likely a problem with the fpjs8 package,
23 error not with npm itself.
23 error Tell the author that this fails on your system:
23 error     gulp
23 error You can get information on how to open an issue for this project with:
23 error     npm bugs fpjs8
23 error Or if that isn't available, you can get their info via:
23 error     npm owner ls fpjs8
23 error There is likely additional logging output above.
24 verbose exit [ 1, true ]
